reading properties from: /home/pengchy/.intermine/fawmine.properties

Mon Feb  3 20:39:31 CST 2020


running: psql -U postgres -h localhost -d postgres -l

not creating fawmine as it already exists

Mon Feb  3 20:39:31 CST 2020


building db: /home/pengchy/soft/intermine.4.0/git/fawmine/gradlew --stacktrace --no-daemon --stacktrace builddb

Mon Feb  3 20:39:31 CST 2020

starting command: /home/pengchy/soft/intermine.4.0/git/fawmine/gradlew --stacktrace --no-daemon --stacktrace clean

Mon Feb  3 20:39:38 CST 2020

finished


Mon Feb  3 20:39:38 CST 2020

starting command: /home/pengchy/soft/intermine.4.0/git/fawmine/gradlew --stacktrace --no-daemon --stacktrace builddb

Note: Some input files use unchecked or unsafe operations.
Note: Recompile with -Xlint:unchecked for details.
Mon Feb  3 20:40:47 CST 2020

finished


Mon Feb  3 20:40:47 CST 2020


dropping old backup database: dropdb -U postgres -h localhost fawmine:go

Mon Feb  3 20:40:48 CST 2020


dropping old backup database: dropdb -U postgres -h localhost fawmine:interpro

Mon Feb  3 20:40:49 CST 2020

starting command: /home/pengchy/soft/intermine.4.0/git/fawmine/gradlew --stacktrace --no-daemon --stacktrace integrate -Psource=go

Mon Feb  3 20:44:02 CST 2020

finished


action go took 193 seconds

Mon Feb  3 20:44:03 CST 2020


making db copy: createdb -E SQL_ASCII -U postgres -h localhost -T fawmine fawmine:go

Mon Feb  3 20:44:12 CST 2020

finished backup


action go-dump took 10 seconds

Mon Feb  3 20:44:12 CST 2020

starting command: /home/pengchy/soft/intermine.4.0/git/fawmine/gradlew --stacktrace --no-daemon --stacktrace integrate -Psource=interpro

Mon Feb  3 20:45:09 CST 2020

finished


action interpro took 57 seconds

Mon Feb  3 20:45:09 CST 2020


making db copy: createdb -E SQL_ASCII -U postgres -h localhost -T fawmine fawmine:interpro

Mon Feb  3 20:45:22 CST 2020

finished backup


action interpro-dump took 13 seconds

Mon Feb  3 20:45:22 CST 2020

starting command: /home/pengchy/soft/intermine.4.0/git/fawmine/gradlew --stacktrace --no-daemon --stacktrace integrate -Psource=locust-scaffold

Mon Feb  3 20:46:57 CST 2020

finished


action locust-scaffold took 95 seconds

Mon Feb  3 20:46:57 CST 2020


making db copy: createdb -E SQL_ASCII -U postgres -h localhost -T fawmine fawmine:locust-scaffold

Mon Feb  3 20:47:19 CST 2020

finished backup


action locust-scaffold-dump took 22 seconds

Mon Feb  3 20:47:19 CST 2020

starting command: /home/pengchy/soft/intermine.4.0/git/fawmine/gradlew --stacktrace --no-daemon --stacktrace integrate -Psource=locust-gene-gff

Mon Feb  3 20:53:32 CST 2020

finished


action locust-gene-gff took 373 seconds

Mon Feb  3 20:53:32 CST 2020


making db copy: createdb -E SQL_ASCII -U postgres -h localhost -T fawmine fawmine:locust-gene-gff

Mon Feb  3 20:54:13 CST 2020

finished backup


action locust-gene-gff-dump took 41 seconds

Mon Feb  3 20:54:13 CST 2020

starting command: /home/pengchy/soft/intermine.4.0/git/fawmine/gradlew --stacktrace --no-daemon --stacktrace integrate -Psource=locust-cds

Mon Feb  3 20:55:24 CST 2020

finished


action locust-cds took 71 seconds

Mon Feb  3 20:55:24 CST 2020


making db copy: createdb -E SQL_ASCII -U postgres -h localhost -T fawmine fawmine:locust-cds

Mon Feb  3 20:56:06 CST 2020

finished backup


action locust-cds-dump took 42 seconds

Mon Feb  3 20:56:06 CST 2020

starting command: /home/pengchy/soft/intermine.4.0/git/fawmine/gradlew --stacktrace --no-daemon --stacktrace integrate -Psource=go-annotation


FAILURE: Build failed with an exception.

* What went wrong:
Execution failed for task ':dbmodel:retrieveSingleSource'.
> java.lang.ArrayIndexOutOfBoundsException: 1

* Try:
Run with --info or --debug option to get more log output.

* Exception is:
org.gradle.api.tasks.TaskExecutionException: Execution failed for task ':dbmodel:retrieveSingleSource'.
	at org.gradle.api.internal.tasks.execution.ExecuteActionsTaskExecuter.executeActions(ExecuteActionsTaskExecuter.java:100)
	at org.gradle.api.internal.tasks.execution.ExecuteActionsTaskExecuter.execute(ExecuteActionsTaskExecuter.java:70)
	at org.gradle.api.internal.tasks.execution.SkipUpToDateTaskExecuter.execute(SkipUpToDateTaskExecuter.java:63)
	at org.gradle.api.internal.tasks.execution.ResolveTaskOutputCachingStateExecuter.execute(ResolveTaskOutputCachingStateExecuter.java:54)
	at org.gradle.api.internal.tasks.execution.ValidatingTaskExecuter.execute(ValidatingTaskExecuter.java:58)
	at org.gradle.api.internal.tasks.execution.SkipEmptySourceFilesTaskExecuter.execute(SkipEmptySourceFilesTaskExecuter.java:88)
	at org.gradle.api.internal.tasks.execution.ResolveTaskArtifactStateTaskExecuter.execute(ResolveTaskArtifactStateTaskExecuter.java:52)
	at org.gradle.api.internal.tasks.execution.SkipTaskWithNoActionsExecuter.execute(SkipTaskWithNoActionsExecuter.java:52)
	at org.gradle.api.internal.tasks.execution.SkipOnlyIfTaskExecuter.execute(SkipOnlyIfTaskExecuter.java:54)
	at org.gradle.api.internal.tasks.execution.ExecuteAtMostOnceTaskExecuter.execute(ExecuteAtMostOnceTaskExecuter.java:43)
	at org.gradle.api.internal.tasks.execution.CatchExceptionTaskExecuter.execute(CatchExceptionTaskExecuter.java:34)
	at org.gradle.execution.taskgraph.DefaultTaskGraphExecuter$EventFiringTaskWorker$1.run(DefaultTaskGraphExecuter.java:248)
	at org.gradle.internal.progress.DefaultBuildOperationExecutor$RunnableBuildOperationWorker.execute(DefaultBuildOperationExecutor.java:336)
	at org.gradle.internal.progress.DefaultBuildOperationExecutor$RunnableBuildOperationWorker.execute(DefaultBuildOperationExecutor.java:328)
	at org.gradle.internal.progress.DefaultBuildOperationExecutor.execute(DefaultBuildOperationExecutor.java:197)
	at org.gradle.internal.progress.DefaultBuildOperationExecutor.run(DefaultBuildOperationExecutor.java:107)
	at org.gradle.execution.taskgraph.DefaultTaskGraphExecuter$EventFiringTaskWorker.execute(DefaultTaskGraphExecuter.java:241)
	at org.gradle.execution.taskgraph.DefaultTaskGraphExecuter$EventFiringTaskWorker.execute(DefaultTaskGraphExecuter.java:230)
	at org.gradle.execution.taskgraph.DefaultTaskPlanExecutor$TaskExecutorWorker.processTask(DefaultTaskPlanExecutor.java:124)
	at org.gradle.execution.taskgraph.DefaultTaskPlanExecutor$TaskExecutorWorker.access$200(DefaultTaskPlanExecutor.java:80)
	at org.gradle.execution.taskgraph.DefaultTaskPlanExecutor$TaskExecutorWorker$1.execute(DefaultTaskPlanExecutor.java:105)
	at org.gradle.execution.taskgraph.DefaultTaskPlanExecutor$TaskExecutorWorker$1.execute(DefaultTaskPlanExecutor.java:99)
	at org.gradle.execution.taskgraph.DefaultTaskExecutionPlan.execute(DefaultTaskExecutionPlan.java:625)
	at org.gradle.execution.taskgraph.DefaultTaskExecutionPlan.executeWithTask(DefaultTaskExecutionPlan.java:580)
	at org.gradle.execution.taskgraph.DefaultTaskPlanExecutor$TaskExecutorWorker.run(DefaultTaskPlanExecutor.java:99)
	at org.gradle.internal.concurrent.ExecutorPolicy$CatchAndRecordFailures.onExecute(ExecutorPolicy.java:63)
	at org.gradle.internal.concurrent.ManagedExecutorImpl$1.run(ManagedExecutorImpl.java:46)
	at org.gradle.internal.concurrent.ThreadFactoryImpl$ManagedThreadRunnable.run(ThreadFactoryImpl.java:55)
Caused by: : java.lang.ArrayIndexOutOfBoundsException: 1
	at org.intermine.task.FileConverterTask.execute(FileConverterTask.java:128)
	at org.apache.tools.ant.UnknownElement.execute(UnknownElement.java:293)
	at org.apache.tools.ant.dispatch.DispatchUtils.execute(DispatchUtils.java:106)
	at org.intermine.plugin.integrate.IntegrateUtils$_closure3.doCall(IntegrateUtils.groovy:84)
	at org.intermine.plugin.integrate.IntegrateUtils.invokeMethod(IntegrateUtils.groovy)
	at org.intermine.plugin.integrate.IntegrateUtils$_closure2.doCall(IntegrateUtils.groovy:47)
	at org.intermine.plugin.integrate.IntegratePlugin$_apply_closure7$_closure20.doCall(IntegratePlugin.groovy:179)
	at org.gradle.api.internal.AbstractTask$ClosureTaskAction.execute(AbstractTask.java:681)
	at org.gradle.api.internal.AbstractTask$ClosureTaskAction.execute(AbstractTask.java:656)
	at org.gradle.api.internal.tasks.execution.ExecuteActionsTaskExecuter$1.run(ExecuteActionsTaskExecuter.java:122)
	at org.gradle.internal.progress.DefaultBuildOperationExecutor$RunnableBuildOperationWorker.execute(DefaultBuildOperationExecutor.java:336)
	at org.gradle.internal.progress.DefaultBuildOperationExecutor$RunnableBuildOperationWorker.execute(DefaultBuildOperationExecutor.java:328)
	at org.gradle.internal.progress.DefaultBuildOperationExecutor.execute(DefaultBuildOperationExecutor.java:197)
	at org.gradle.internal.progress.DefaultBuildOperationExecutor.run(DefaultBuildOperationExecutor.java:107)
	at org.gradle.api.internal.tasks.execution.ExecuteActionsTaskExecuter.executeAction(ExecuteActionsTaskExecuter.java:111)
	at org.gradle.api.internal.tasks.execution.ExecuteActionsTaskExecuter.executeActions(ExecuteActionsTaskExecuter.java:92)
	... 27 more
Caused by: java.lang.ArrayIndexOutOfBoundsException: 1
	at org.intermine.bio.dataconversion.GoConverter.parseTaxonId(GoConverter.java:713)
	at org.intermine.bio.dataconversion.GoConverter.process(GoConverter.java:218)
	at org.intermine.task.FileConverterTask.execute(FileConverterTask.java:116)
	... 42 more


* Get more help at https://help.gradle.org

BUILD FAILED in 22s
Mon Feb  3 20:56:29 CST 2020

finished


ERROR: 256
failed with exit code 0: /home/pengchy/soft/intermine.4.0/git/fawmine/gradlew --stacktrace --no-daemon --stacktrace integrate -Psource=go-annotation

check log: pbuild.log
reading properties from: /home/pengchy/.intermine/fawmine.properties

Wed Feb  5 01:38:46 CST 2020


running: psql -U postgres -h localhost -d postgres -l

not creating fawmine as it already exists

Wed Feb  5 01:38:46 CST 2020


building db: /home/pengchy/soft/intermine.4.0/git/fawmine/gradlew --stacktrace --no-daemon --stacktrace builddb

Wed Feb  5 01:38:46 CST 2020

starting command: /home/pengchy/soft/intermine.4.0/git/fawmine/gradlew --stacktrace --no-daemon --stacktrace clean

Wed Feb  5 01:38:52 CST 2020

finished


Wed Feb  5 01:38:52 CST 2020

starting command: /home/pengchy/soft/intermine.4.0/git/fawmine/gradlew --stacktrace --no-daemon --stacktrace builddb

Note: Some input files use unchecked or unsafe operations.
Note: Recompile with -Xlint:unchecked for details.
Wed Feb  5 01:40:24 CST 2020

finished


Wed Feb  5 01:40:24 CST 2020


dropping old backup database: dropdb -U postgres -h localhost fawmine:go

Wed Feb  5 01:40:26 CST 2020


dropping old backup database: dropdb -U postgres -h localhost fawmine:interpro

Wed Feb  5 01:40:26 CST 2020


dropping old backup database: dropdb -U postgres -h localhost fawmine:faw-scaffold

Wed Feb  5 01:40:27 CST 2020


dropping old backup database: dropdb -U postgres -h localhost fawmine:faw-gene-gff

Wed Feb  5 01:40:27 CST 2020


dropping old backup database: dropdb -U postgres -h localhost fawmine:faw-cds

Wed Feb  5 01:40:28 CST 2020

starting command: /home/pengchy/soft/intermine.4.0/git/fawmine/gradlew --stacktrace --no-daemon --stacktrace integrate -Psource=go

Wed Feb  5 01:43:49 CST 2020

finished


action go took 201 seconds

Wed Feb  5 01:43:49 CST 2020


making db copy: createdb -E SQL_ASCII -U postgres -h localhost -T fawmine fawmine:go

Wed Feb  5 01:43:59 CST 2020

finished backup


action go-dump took 10 seconds

Wed Feb  5 01:43:59 CST 2020

starting command: /home/pengchy/soft/intermine.4.0/git/fawmine/gradlew --stacktrace --no-daemon --stacktrace integrate -Psource=interpro

Wed Feb  5 01:44:57 CST 2020

finished


action interpro took 58 seconds

Wed Feb  5 01:44:57 CST 2020


making db copy: createdb -E SQL_ASCII -U postgres -h localhost -T fawmine fawmine:interpro

Wed Feb  5 01:45:10 CST 2020

finished backup


action interpro-dump took 13 seconds

Wed Feb  5 01:45:10 CST 2020

starting command: /home/pengchy/soft/intermine.4.0/git/fawmine/gradlew --stacktrace --no-daemon --stacktrace integrate -Psource=faw-scaffold

Wed Feb  5 01:46:46 CST 2020

finished


action faw-scaffold took 96 seconds

Wed Feb  5 01:46:46 CST 2020


making db copy: createdb -E SQL_ASCII -U postgres -h localhost -T fawmine fawmine:faw-scaffold

Wed Feb  5 01:47:07 CST 2020

finished backup


action faw-scaffold-dump took 21 seconds

Wed Feb  5 01:47:07 CST 2020

starting command: /home/pengchy/soft/intermine.4.0/git/fawmine/gradlew --stacktrace --no-daemon --stacktrace integrate -Psource=faw-gene-gff

Wed Feb  5 01:52:16 CST 2020

finished


action faw-gene-gff took 309 seconds

Wed Feb  5 01:52:16 CST 2020


making db copy: createdb -E SQL_ASCII -U postgres -h localhost -T fawmine fawmine:faw-gene-gff

Wed Feb  5 01:52:59 CST 2020

finished backup


action faw-gene-gff-dump took 43 seconds

Wed Feb  5 01:52:59 CST 2020

starting command: /home/pengchy/soft/intermine.4.0/git/fawmine/gradlew --stacktrace --no-daemon --stacktrace integrate -Psource=faw-cds

Wed Feb  5 01:54:08 CST 2020

finished


action faw-cds took 69 seconds

Wed Feb  5 01:54:08 CST 2020


making db copy: createdb -E SQL_ASCII -U postgres -h localhost -T fawmine fawmine:faw-cds

Wed Feb  5 01:54:53 CST 2020

finished backup


action faw-cds-dump took 45 seconds

Wed Feb  5 01:54:53 CST 2020

starting command: /home/pengchy/soft/intermine.4.0/git/fawmine/gradlew --stacktrace --no-daemon --stacktrace integrate -Psource=go-annotation

Wed Feb  5 01:55:45 CST 2020

finished


action go-annotation took 52 seconds

Wed Feb  5 01:55:45 CST 2020

starting command: /home/pengchy/soft/intermine.4.0/git/fawmine/gradlew --stacktrace --no-daemon --stacktrace integrate -Psource=faw-protein

Wed Feb  5 01:57:32 CST 2020

finished


action faw-protein took 107 seconds

Wed Feb  5 01:57:32 CST 2020

starting command: /home/pengchy/soft/intermine.4.0/git/fawmine/gradlew --stacktrace --no-daemon --stacktrace integrate -Psource=faw-protein2ipr


FAILURE: Build failed with an exception.

* What went wrong:
Execution failed for task ':dbmodel:loadSingleSource'.
> java.lang.RuntimeException: ObjectStore error has occurred (in get)

* Try:
Run with --info or --debug option to get more log output.

* Exception is:
org.gradle.api.tasks.TaskExecutionException: Execution failed for task ':dbmodel:loadSingleSource'.
	at org.gradle.api.internal.tasks.execution.ExecuteActionsTaskExecuter.executeActions(ExecuteActionsTaskExecuter.java:100)
	at org.gradle.api.internal.tasks.execution.ExecuteActionsTaskExecuter.execute(ExecuteActionsTaskExecuter.java:70)
	at org.gradle.api.internal.tasks.execution.SkipUpToDateTaskExecuter.execute(SkipUpToDateTaskExecuter.java:63)
	at org.gradle.api.internal.tasks.execution.ResolveTaskOutputCachingStateExecuter.execute(ResolveTaskOutputCachingStateExecuter.java:54)
	at org.gradle.api.internal.tasks.execution.ValidatingTaskExecuter.execute(ValidatingTaskExecuter.java:58)
	at org.gradle.api.internal.tasks.execution.SkipEmptySourceFilesTaskExecuter.execute(SkipEmptySourceFilesTaskExecuter.java:88)
	at org.gradle.api.internal.tasks.execution.ResolveTaskArtifactStateTaskExecuter.execute(ResolveTaskArtifactStateTaskExecuter.java:52)
	at org.gradle.api.internal.tasks.execution.SkipTaskWithNoActionsExecuter.execute(SkipTaskWithNoActionsExecuter.java:52)
	at org.gradle.api.internal.tasks.execution.SkipOnlyIfTaskExecuter.execute(SkipOnlyIfTaskExecuter.java:54)
	at org.gradle.api.internal.tasks.execution.ExecuteAtMostOnceTaskExecuter.execute(ExecuteAtMostOnceTaskExecuter.java:43)
	at org.gradle.api.internal.tasks.execution.CatchExceptionTaskExecuter.execute(CatchExceptionTaskExecuter.java:34)
	at org.gradle.execution.taskgraph.DefaultTaskGraphExecuter$EventFiringTaskWorker$1.run(DefaultTaskGraphExecuter.java:248)
	at org.gradle.internal.progress.DefaultBuildOperationExecutor$RunnableBuildOperationWorker.execute(DefaultBuildOperationExecutor.java:336)
	at org.gradle.internal.progress.DefaultBuildOperationExecutor$RunnableBuildOperationWorker.execute(DefaultBuildOperationExecutor.java:328)
	at org.gradle.internal.progress.DefaultBuildOperationExecutor.execute(DefaultBuildOperationExecutor.java:197)
	at org.gradle.internal.progress.DefaultBuildOperationExecutor.run(DefaultBuildOperationExecutor.java:107)
	at org.gradle.execution.taskgraph.DefaultTaskGraphExecuter$EventFiringTaskWorker.execute(DefaultTaskGraphExecuter.java:241)
	at org.gradle.execution.taskgraph.DefaultTaskGraphExecuter$EventFiringTaskWorker.execute(DefaultTaskGraphExecuter.java:230)
	at org.gradle.execution.taskgraph.DefaultTaskPlanExecutor$TaskExecutorWorker.processTask(DefaultTaskPlanExecutor.java:124)
	at org.gradle.execution.taskgraph.DefaultTaskPlanExecutor$TaskExecutorWorker.access$200(DefaultTaskPlanExecutor.java:80)
	at org.gradle.execution.taskgraph.DefaultTaskPlanExecutor$TaskExecutorWorker$1.execute(DefaultTaskPlanExecutor.java:105)
	at org.gradle.execution.taskgraph.DefaultTaskPlanExecutor$TaskExecutorWorker$1.execute(DefaultTaskPlanExecutor.java:99)
	at org.gradle.execution.taskgraph.DefaultTaskExecutionPlan.execute(DefaultTaskExecutionPlan.java:625)
	at org.gradle.execution.taskgraph.DefaultTaskExecutionPlan.executeWithTask(DefaultTaskExecutionPlan.java:580)
	at org.gradle.execution.taskgraph.DefaultTaskPlanExecutor$TaskExecutorWorker.run(DefaultTaskPlanExecutor.java:99)
	at org.gradle.internal.concurrent.ExecutorPolicy$CatchAndRecordFailures.onExecute(ExecutorPolicy.java:63)
	at org.gradle.internal.concurrent.ManagedExecutorImpl$1.run(ManagedExecutorImpl.java:46)
	at org.gradle.internal.concurrent.ThreadFactoryImpl$ManagedThreadRunnable.run(ThreadFactoryImpl.java:55)
Caused by: : java.lang.RuntimeException: ObjectStore error has occurred (in get)
	at org.intermine.dataloader.ObjectStoreDataLoaderTask.execute(ObjectStoreDataLoaderTask.java:132)
	at org.apache.tools.ant.UnknownElement.execute(UnknownElement.java:293)
	at org.apache.tools.ant.dispatch.DispatchUtils.execute(DispatchUtils.java:106)
	at org.intermine.plugin.integrate.IntegrateUtils$_closure10.doCall(IntegrateUtils.groovy:272)
	at org.intermine.plugin.integrate.IntegratePlugin$_apply_closure9$_closure24.doCall(IntegratePlugin.groovy:222)
	at org.gradle.api.internal.AbstractTask$ClosureTaskAction.execute(AbstractTask.java:681)
	at org.gradle.api.internal.AbstractTask$ClosureTaskAction.execute(AbstractTask.java:656)
	at org.gradle.api.internal.tasks.execution.ExecuteActionsTaskExecuter$1.run(ExecuteActionsTaskExecuter.java:122)
	at org.gradle.internal.progress.DefaultBuildOperationExecutor$RunnableBuildOperationWorker.execute(DefaultBuildOperationExecutor.java:336)
	at org.gradle.internal.progress.DefaultBuildOperationExecutor$RunnableBuildOperationWorker.execute(DefaultBuildOperationExecutor.java:328)
	at org.gradle.internal.progress.DefaultBuildOperationExecutor.execute(DefaultBuildOperationExecutor.java:197)
	at org.gradle.internal.progress.DefaultBuildOperationExecutor.run(DefaultBuildOperationExecutor.java:107)
	at org.gradle.api.internal.tasks.execution.ExecuteActionsTaskExecuter.executeAction(ExecuteActionsTaskExecuter.java:111)
	at org.gradle.api.internal.tasks.execution.ExecuteActionsTaskExecuter.executeActions(ExecuteActionsTaskExecuter.java:92)
	... 27 more
Caused by: java.lang.RuntimeException: ObjectStore error has occurred (in get)
	at org.intermine.objectstore.query.Results.get(Results.java:233)
	at org.intermine.objectstore.query.Results$Iter.hasNext(Results.java:378)
	at org.intermine.dataloader.ObjectStoreDataLoader.process(ObjectStoreDataLoader.java:139)
	at org.intermine.dataloader.ObjectStoreDataLoader.process(ObjectStoreDataLoader.java:60)
	at org.intermine.dataloader.ObjectStoreDataLoaderTask.execute(ObjectStoreDataLoaderTask.java:127)
	... 40 more
Caused by: org.intermine.objectstore.ObjectStoreException: org.intermine.metadata.MetaDataException: Collection not found in class: Protein.proteinDomainRegions while translating Item with identifier 0_4
	at org.intermine.objectstore.translating.ObjectStoreTranslatingImpl.execute(ObjectStoreTranslatingImpl.java:184)
	at org.intermine.objectstore.fastcollections.ObjectStoreFastCollectionsForTranslatorImpl.execute(ObjectStoreFastCollectionsForTranslatorImpl.java:193)
	at org.intermine.dataloader.BatchingFetcher$NoseyObjectStore.execute(BatchingFetcher.java:580)
	at org.intermine.objectstore.query.ResultsBatches.fetchBatchFromObjectStore(ResultsBatches.java:193)
	at org.intermine.objectstore.query.PrefetchManager.doRequest(PrefetchManager.java:241)
	at org.intermine.objectstore.query.PrefetchManager.doRequest(PrefetchManager.java:146)
	at org.intermine.objectstore.query.ResultsBatches.getBatch(ResultsBatches.java:164)
	at org.intermine.objectstore.query.ResultsBatches.getRowsFromBatch(ResultsBatches.java:139)
	at org.intermine.objectstore.query.Results.range(Results.java:197)
	at org.intermine.objectstore.query.SingletonResults.range(SingletonResults.java:66)
	at org.intermine.objectstore.query.Results.get(Results.java:226)
	... 44 more
Caused by: org.intermine.metadata.MetaDataException: Collection not found in class: Protein.proteinDomainRegions while translating Item with identifier 0_4
	at org.intermine.dataconversion.ItemToObjectTranslator.translateFromDbObject(ItemToObjectTranslator.java:408)
	at org.intermine.objectstore.translating.ObjectStoreTranslatingImpl.execute(ObjectStoreTranslatingImpl.java:171)
	... 54 more


* Get more help at https://help.gradle.org

BUILD FAILED in 35s
Wed Feb  5 01:58:07 CST 2020

finished


ERROR: 256
failed with exit code 0: /home/pengchy/soft/intermine.4.0/git/fawmine/gradlew --stacktrace --no-daemon --stacktrace integrate -Psource=faw-protein2ipr

check log: pbuild.log
