nohup: ignoring input
reading properties from: /home/pengchy/.intermine/fawmine.properties

Wed Feb  5 16:11:59 CST 2020


running: psql -U postgres -h localhost -d postgres -l

not creating fawmine as it already exists


restarting using database: fawmine:faw-cds

Wed Feb  5 16:11:59 CST 2020


running: dropdb -U postgres -h localhost fawmine

Wed Feb  5 16:11:59 CST 2020


running: createdb -E SQL_ASCII -U postgres -h localhost -T fawmine:faw-cds fawmine

Wed Feb  5 16:12:20 CST 2020

finished restore - now analysing


Wed Feb  5 16:12:20 CST 2020

finished analysing


Wed Feb  5 16:12:20 CST 2020

starting command: /home/pengchy/soft/intermine.4.0/git/fawmine/gradlew --stacktrace --no-daemon --stacktrace integrate -Psource=go-annotation

Wed Feb  5 16:13:12 CST 2020

finished


action go-annotation took 52 seconds

Wed Feb  5 16:13:12 CST 2020

starting command: /home/pengchy/soft/intermine.4.0/git/fawmine/gradlew --stacktrace --no-daemon --stacktrace integrate -Psource=faw-protein

Wed Feb  5 16:14:59 CST 2020

finished


action faw-protein took 107 seconds

Wed Feb  5 16:14:59 CST 2020

starting command: /home/pengchy/soft/intermine.4.0/git/fawmine/gradlew --stacktrace --no-daemon --stacktrace integrate -Psource=faw-protein2ipr

Wed Feb  5 16:16:58 CST 2020

finished


action faw-protein2ipr took 119 seconds

Wed Feb  5 16:16:58 CST 2020

starting command: /home/pengchy/soft/intermine.4.0/git/fawmine/gradlew --stacktrace --no-daemon --stacktrace integrate -Psource=faw-kegg-pathway

Wed Feb  5 16:17:34 CST 2020

finished


action faw-kegg-pathway took 36 seconds

Wed Feb  5 16:17:34 CST 2020

starting command: /home/pengchy/soft/intermine.4.0/git/fawmine/gradlew --stacktrace --no-daemon --stacktrace integrate -Psource=faw-homolog-rat

Wed Feb  5 16:18:14 CST 2020

finished


action faw-homolog-rat took 40 seconds

Wed Feb  5 16:18:14 CST 2020

starting command: /home/pengchy/soft/intermine.4.0/git/fawmine/gradlew --stacktrace --no-daemon --stacktrace integrate -Psource=faw-homolog-caeel

Wed Feb  5 16:18:55 CST 2020

finished


action faw-homolog-caeel took 41 seconds

Wed Feb  5 16:18:55 CST 2020

starting command: /home/pengchy/soft/intermine.4.0/git/fawmine/gradlew --stacktrace --no-daemon --stacktrace integrate -Psource=faw-homolog-drome

Wed Feb  5 16:19:39 CST 2020

finished


action faw-homolog-drome took 44 seconds

Wed Feb  5 16:19:39 CST 2020

starting command: /home/pengchy/soft/intermine.4.0/git/fawmine/gradlew --stacktrace --no-daemon --stacktrace integrate -Psource=faw-homolog-human

Wed Feb  5 16:20:25 CST 2020

finished


action faw-homolog-human took 46 seconds

Wed Feb  5 16:20:25 CST 2020

starting command: /home/pengchy/soft/intermine.4.0/git/fawmine/gradlew --stacktrace --no-daemon --stacktrace integrate -Psource=faw-homolog-mouse

Wed Feb  5 16:21:05 CST 2020

finished


action faw-homolog-mouse took 40 seconds

Wed Feb  5 16:21:05 CST 2020

starting command: /home/pengchy/soft/intermine.4.0/git/fawmine/gradlew --stacktrace --no-daemon --stacktrace integrate -Psource=faw-homolog-zebrafish

Wed Feb  5 16:21:54 CST 2020

finished


action faw-homolog-zebrafish took 49 seconds

Wed Feb  5 16:21:54 CST 2020

starting command: /home/pengchy/soft/intermine.4.0/git/fawmine/gradlew --stacktrace --no-daemon --stacktrace integrate -Psource=faw-homolog-yeast

Wed Feb  5 16:22:39 CST 2020

finished


action faw-homolog-yeast took 45 seconds

Wed Feb  5 16:22:39 CST 2020


making db copy: createdb -E SQL_ASCII -U postgres -h localhost -T fawmine fawmine:faw-homolog-yeast

Wed Feb  5 16:23:46 CST 2020

finished backup


action faw-homolog-yeast-dump took 67 seconds

Wed Feb  5 16:23:46 CST 2020

starting command: /home/pengchy/soft/intermine.4.0/git/fawmine/gradlew --stacktrace --no-daemon --stacktrace integrate -Psource=faw-network-ppi


FAILURE: Build failed with an exception.

* What went wrong:
Execution failed for task ':dbmodel:retrieveSingleSource'.
> Exception while reading from: /storage/FAWMine/PPI/ppi.list.merge.xml

* Try:
Run with --info or --debug option to get more log output.

* Exception is:
org.gradle.api.tasks.TaskExecutionException: Execution failed for task ':dbmodel:retrieveSingleSource'.
	at org.gradle.api.internal.tasks.execution.ExecuteActionsTaskExecuter.executeActions(ExecuteActionsTaskExecuter.java:100)
	at org.gradle.api.internal.tasks.execution.ExecuteActionsTaskExecuter.execute(ExecuteActionsTaskExecuter.java:70)
	at org.gradle.api.internal.tasks.execution.SkipUpToDateTaskExecuter.execute(SkipUpToDateTaskExecuter.java:63)
	at org.gradle.api.internal.tasks.execution.ResolveTaskOutputCachingStateExecuter.execute(ResolveTaskOutputCachingStateExecuter.java:54)
	at org.gradle.api.internal.tasks.execution.ValidatingTaskExecuter.execute(ValidatingTaskExecuter.java:58)
	at org.gradle.api.internal.tasks.execution.SkipEmptySourceFilesTaskExecuter.execute(SkipEmptySourceFilesTaskExecuter.java:88)
	at org.gradle.api.internal.tasks.execution.ResolveTaskArtifactStateTaskExecuter.execute(ResolveTaskArtifactStateTaskExecuter.java:52)
	at org.gradle.api.internal.tasks.execution.SkipTaskWithNoActionsExecuter.execute(SkipTaskWithNoActionsExecuter.java:52)
	at org.gradle.api.internal.tasks.execution.SkipOnlyIfTaskExecuter.execute(SkipOnlyIfTaskExecuter.java:54)
	at org.gradle.api.internal.tasks.execution.ExecuteAtMostOnceTaskExecuter.execute(ExecuteAtMostOnceTaskExecuter.java:43)
	at org.gradle.api.internal.tasks.execution.CatchExceptionTaskExecuter.execute(CatchExceptionTaskExecuter.java:34)
	at org.gradle.execution.taskgraph.DefaultTaskGraphExecuter$EventFiringTaskWorker$1.run(DefaultTaskGraphExecuter.java:248)
	at org.gradle.internal.progress.DefaultBuildOperationExecutor$RunnableBuildOperationWorker.execute(DefaultBuildOperationExecutor.java:336)
	at org.gradle.internal.progress.DefaultBuildOperationExecutor$RunnableBuildOperationWorker.execute(DefaultBuildOperationExecutor.java:328)
	at org.gradle.internal.progress.DefaultBuildOperationExecutor.execute(DefaultBuildOperationExecutor.java:197)
	at org.gradle.internal.progress.DefaultBuildOperationExecutor.run(DefaultBuildOperationExecutor.java:107)
	at org.gradle.execution.taskgraph.DefaultTaskGraphExecuter$EventFiringTaskWorker.execute(DefaultTaskGraphExecuter.java:241)
	at org.gradle.execution.taskgraph.DefaultTaskGraphExecuter$EventFiringTaskWorker.execute(DefaultTaskGraphExecuter.java:230)
	at org.gradle.execution.taskgraph.DefaultTaskPlanExecutor$TaskExecutorWorker.processTask(DefaultTaskPlanExecutor.java:124)
	at org.gradle.execution.taskgraph.DefaultTaskPlanExecutor$TaskExecutorWorker.access$200(DefaultTaskPlanExecutor.java:80)
	at org.gradle.execution.taskgraph.DefaultTaskPlanExecutor$TaskExecutorWorker$1.execute(DefaultTaskPlanExecutor.java:105)
	at org.gradle.execution.taskgraph.DefaultTaskPlanExecutor$TaskExecutorWorker$1.execute(DefaultTaskPlanExecutor.java:99)
	at org.gradle.execution.taskgraph.DefaultTaskExecutionPlan.execute(DefaultTaskExecutionPlan.java:625)
	at org.gradle.execution.taskgraph.DefaultTaskExecutionPlan.executeWithTask(DefaultTaskExecutionPlan.java:580)
	at org.gradle.execution.taskgraph.DefaultTaskPlanExecutor$TaskExecutorWorker.run(DefaultTaskPlanExecutor.java:99)
	at org.gradle.internal.concurrent.ExecutorPolicy$CatchAndRecordFailures.onExecute(ExecutorPolicy.java:63)
	at org.gradle.internal.concurrent.ManagedExecutorImpl$1.run(ManagedExecutorImpl.java:46)
	at org.gradle.internal.concurrent.ThreadFactoryImpl$ManagedThreadRunnable.run(ThreadFactoryImpl.java:55)
Caused by: : Exception while reading from: /storage/FAWMine/PPI/ppi.list.merge.xml
	at org.intermine.task.FullXmlConverterTask.execute(FullXmlConverterTask.java:135)
	at org.apache.tools.ant.UnknownElement.execute(UnknownElement.java:293)
	at org.apache.tools.ant.dispatch.DispatchUtils.execute(DispatchUtils.java:106)
	at org.intermine.plugin.integrate.IntegrateUtils$_closure7.doCall(IntegrateUtils.groovy:163)
	at org.intermine.plugin.integrate.IntegrateUtils.invokeMethod(IntegrateUtils.groovy)
	at org.intermine.plugin.integrate.IntegrateUtils$_closure2.doCall(IntegrateUtils.groovy:55)
	at org.intermine.plugin.integrate.IntegratePlugin$_apply_closure7$_closure20.doCall(IntegratePlugin.groovy:179)
	at org.gradle.api.internal.AbstractTask$ClosureTaskAction.execute(AbstractTask.java:681)
	at org.gradle.api.internal.AbstractTask$ClosureTaskAction.execute(AbstractTask.java:656)
	at org.gradle.api.internal.tasks.execution.ExecuteActionsTaskExecuter$1.run(ExecuteActionsTaskExecuter.java:122)
	at org.gradle.internal.progress.DefaultBuildOperationExecutor$RunnableBuildOperationWorker.execute(DefaultBuildOperationExecutor.java:336)
	at org.gradle.internal.progress.DefaultBuildOperationExecutor$RunnableBuildOperationWorker.execute(DefaultBuildOperationExecutor.java:328)
	at org.gradle.internal.progress.DefaultBuildOperationExecutor.execute(DefaultBuildOperationExecutor.java:197)
	at org.gradle.internal.progress.DefaultBuildOperationExecutor.run(DefaultBuildOperationExecutor.java:107)
	at org.gradle.api.internal.tasks.execution.ExecuteActionsTaskExecuter.executeAction(ExecuteActionsTaskExecuter.java:111)
	at org.gradle.api.internal.tasks.execution.ExecuteActionsTaskExecuter.executeActions(ExecuteActionsTaskExecuter.java:92)
	... 27 more
Caused by: java.lang.RuntimeException: value cannot be an empty string for attribute InteractionDetail.organisms
	at org.intermine.xml.full.Item.setAttribute(Item.java:357)
	at org.intermine.xml.full.FullHandler.startElement(FullHandler.java:66)
	at com.sun.org.apache.xerces.internal.parsers.AbstractSAXParser.startElement(AbstractSAXParser.java:509)
	at com.sun.org.apache.xerces.internal.parsers.AbstractXMLDocumentParser.emptyElement(AbstractXMLDocumentParser.java:182)
	at com.sun.org.apache.xerces.internal.impl.XMLDocumentFragmentScannerImpl.scanStartElement(XMLDocumentFragmentScannerImpl.java:1339)
	at com.sun.org.apache.xerces.internal.impl.XMLDocumentFragmentScannerImpl$FragmentContentDriver.next(XMLDocumentFragmentScannerImpl.java:2784)
	at com.sun.org.apache.xerces.internal.impl.XMLDocumentScannerImpl.next(XMLDocumentScannerImpl.java:602)
	at com.sun.org.apache.xerces.internal.impl.XMLDocumentFragmentScannerImpl.scanDocument(XMLDocumentFragmentScannerImpl.java:505)
	at com.sun.org.apache.xerces.internal.parsers.XML11Configuration.parse(XML11Configuration.java:842)
	at com.sun.org.apache.xerces.internal.parsers.XML11Configuration.parse(XML11Configuration.java:771)
	at com.sun.org.apache.xerces.internal.parsers.XMLParser.parse(XMLParser.java:141)
	at com.sun.org.apache.xerces.internal.parsers.AbstractSAXParser.parse(AbstractSAXParser.java:1213)
	at com.sun.org.apache.xerces.internal.jaxp.SAXParserImpl$JAXPSAXParser.parse(SAXParserImpl.java:643)
	at com.sun.org.apache.xerces.internal.jaxp.SAXParserImpl.parse(SAXParserImpl.java:327)
	at org.intermine.util.SAXParser.parse(SAXParser.java:64)
	at org.intermine.util.SAXParser.parse(SAXParser.java:42)
	at org.intermine.dataconversion.FullXmlConverter.process(FullXmlConverter.java:60)
	at org.intermine.task.FullXmlConverterTask.execute(FullXmlConverterTask.java:128)
	... 42 more


* Get more help at https://help.gradle.org

BUILD FAILED in 32s
Wed Feb  5 16:24:19 CST 2020

finished


ERROR: 256
failed with exit code 0: /home/pengchy/soft/intermine.4.0/git/fawmine/gradlew --stacktrace --no-daemon --stacktrace integrate -Psource=faw-network-ppi

check log: pbuild.log
